This is pdfTeX, Version 3.141592653-2.6-1.40.26 (MiKTeX 24.4) (preloaded format=pdflatex 2024.7.28)  29 JUL 2024 18:13
entering extended mode
 restricted \write18 enabled.
 file:line:error style messages enabled.
 %&-line parsing enabled.
**c:/Users/jessi/OneDrive/Desktop/B-LOCK/report/Report.tex
(c:/Users/jessi/OneDrive/Desktop/B-LOCK/report/Report.tex
LaTeX2e <2024-06-01> patch level 2
L3 programming layer <2024-05-27>
(C:\Users\jessi\AppData\Local\Programs\MiKTeX\tex/latex/base\report.cls
Document Class: report 2024/02/08 v1.4n Standard LaTeX document class
(C:\Users\jessi\AppData\Local\Programs\MiKTeX\tex/latex/base\size12.clo
File: size12.clo 2024/02/08 v1.4n Standard LaTeX file (size option)
)
\c@part=\count194
\c@chapter=\count195
\c@section=\count196
\c@subsection=\count197
\c@subsubsection=\count198
\c@paragraph=\count199
\c@subparagraph=\count266
\c@figure=\count267
\c@table=\count268
\abovecaptionskip=\skip49
\belowcaptionskip=\skip50
\bibindent=\dimen141
) (C:\Users\jessi\AppData\Local\Programs\MiKTeX\tex/latex/base\inputenc.sty
Package: inputenc 2024/02/08 v1.3d Input encoding file
\inpenc@prehook=\toks17
\inpenc@posthook=\toks18
) (C:\Users\jessi\AppData\Local\Programs\MiKTeX\tex/latex/amsfonts\amsfonts.sty
Package: amsfonts 2013/01/14 v3.01 Basic AMSFonts support
\@emptytoks=\toks19
\symAMSa=\mathgroup4
\symAMSb=\mathgroup5
LaTeX Font Info:    Redeclaring math symbol \hbar on input line 98.
LaTeX Font Info:    Overwriting math alphabet `\mathfrak' in version `bold'
(Font)                  U/euf/m/n --> U/euf/b/n on input line 106.
) (C:\Users\jessi\AppData\Local\Programs\MiKTeX\tex/latex/setspace\setspace.sty
Package: setspace 2022/12/04 v6.7b set line spacing
) (C:\Users\jessi\AppData\Local\Programs\MiKTeX\tex/latex/graphics\graphicx.sty
Package: graphicx 2021/09/16 v1.2d Enhanced LaTeX Graphics (DPC,SPQR)
 (C:\Users\jessi\AppData\Local\Programs\MiKTeX\tex/latex/graphics\keyval.sty
Package: keyval 2022/05/29 v1.15 key=value parser (DPC)
\KV@toks@=\toks20
) (C:\Users\jessi\AppData\Local\Programs\MiKTeX\tex/latex/graphics\graphics.sty
Package: graphics 2024/05/23 v1.4g Standard LaTeX Graphics (DPC,SPQR)
 (C:\Users\jessi\AppData\Local\Programs\MiKTeX\tex/latex/graphics\trig.sty
Package: trig 2023/12/02 v1.11 sin cos tan (DPC)
) (C:\Users\jessi\AppData\Local\Programs\MiKTeX\tex/latex/graphics-cfg\graphics.cfg
File: graphics.cfg 2016/06/04 v1.11 sample graphics configuration
)
Package graphics Info: Driver file: pdftex.def on input line 106.
 (C:\Users\jessi\AppData\Local\Programs\MiKTeX\tex/latex/graphics-def\pdftex.def
File: pdftex.def 2024/04/13 v1.2c Graphics/color driver for pdftex
))
\Gin@req@height=\dimen142
\Gin@req@width=\dimen143
) (C:\Users\jessi\AppData\Local\Programs\MiKTeX\tex/latex/tools\array.sty
Package: array 2024/06/14 v2.6d Tabular extension package (FMi)
\col@sep=\dimen144
\ar@mcellbox=\box52
\extrarowheight=\dimen145
\NC@list=\toks21
\extratabsurround=\skip51
\backup@length=\skip52
\ar@cellbox=\box53
) (C:\Users\jessi\AppData\Local\Programs\MiKTeX\tex/latex/fancyhdr\fancyhdr.sty
Package: fancyhdr 2024/07/23 v4.3.1 Extensive control of page headers and footers
\f@nch@headwidth=\skip53
\f@nch@O@elh=\skip54
\f@nch@O@erh=\skip55
\f@nch@O@olh=\skip56
\f@nch@O@orh=\skip57
\f@nch@O@elf=\skip58
\f@nch@O@erf=\skip59
\f@nch@O@olf=\skip60
\f@nch@O@orf=\skip61
) (C:\Users\jessi\AppData\Local\Programs\MiKTeX\tex/latex/geometry\geometry.sty
Package: geometry 2020/01/02 v5.9 Page Geometry
 (C:\Users\jessi\AppData\Local\Programs\MiKTeX\tex/generic/iftex\ifvtex.sty
Package: ifvtex 2019/10/25 v1.7 ifvtex legacy package. Use iftex instead.
 (C:\Users\jessi\AppData\Local\Programs\MiKTeX\tex/generic/iftex\iftex.sty
Package: iftex 2022/02/03 v1.0f TeX engine tests
))
\Gm@cnth=\count269
\Gm@cntv=\count270
\c@Gm@tempcnt=\count271
\Gm@bindingoffset=\dimen146
\Gm@wd@mp=\dimen147
\Gm@odd@mp=\dimen148
\Gm@even@mp=\dimen149
\Gm@layoutwidth=\dimen150
\Gm@layoutheight=\dimen151
\Gm@layouthoffset=\dimen152
\Gm@layoutvoffset=\dimen153
\Gm@dimlist=\toks22
 (C:\Users\jessi\AppData\Local\Programs\MiKTeX\tex/latex/geometry\geometry.cfg)) (C:\Users\jessi\AppData\Local\Programs\MiKTeX\tex/latex/ragged2e\ragged2e.sty
Package: ragged2e 2023/06/22 v3.6 ragged2e Package
\CenteringLeftskip=\skip62
\RaggedLeftLeftskip=\skip63
\RaggedRightLeftskip=\skip64
\CenteringRightskip=\skip65
\RaggedLeftRightskip=\skip66
\RaggedRightRightskip=\skip67
\CenteringParfillskip=\skip68
\RaggedLeftParfillskip=\skip69
\RaggedRightParfillskip=\skip70
\JustifyingParfillskip=\skip71
\CenteringParindent=\skip72
\RaggedLeftParindent=\skip73
\RaggedRightParindent=\skip74
\JustifyingParindent=\skip75
) (C:\Users\jessi\AppData\Local\Programs\MiKTeX\tex/latex/graphics\color.sty
Package: color 2024/01/14 v1.3d Standard LaTeX Color (DPC)
 (C:\Users\jessi\AppData\Local\Programs\MiKTeX\tex/latex/graphics-cfg\color.cfg
File: color.cfg 2016/01/02 v1.6 sample color configuration
)
Package color Info: Driver file: pdftex.def on input line 149.
 (C:\Users\jessi\AppData\Local\Programs\MiKTeX\tex/latex/graphics\mathcolor.ltx)) (C:\Users\jessi\AppData\Local\Programs\MiKTeX\tex/latex/biblatex\biblatex.sty
Package: biblatex 2024/03/21 v3.20 programmable bibliographies (PK/MW)
 (C:\Users\jessi\AppData\Local\Programs\MiKTeX\tex/generic/pdftexcmds\pdftexcmds.sty
Package: pdftexcmds 2020-06-27 v0.33 Utility functions of pdfTeX for LuaTeX (HO)
 (C:\Users\jessi\AppData\Local\Programs\MiKTeX\tex/generic/infwarerr\infwarerr.sty
Package: infwarerr 2019/12/03 v1.5 Providing info/warning/error messages (HO)
) (C:\Users\jessi\AppData\Local\Programs\MiKTeX\tex/generic/ltxcmds\ltxcmds.sty
Package: ltxcmds 2023-12-04 v1.26 LaTeX kernel commands for general use (HO)
)
Package pdftexcmds Info: \pdf@primitive is available.
Package pdftexcmds Info: \pdf@ifprimitive is available.
Package pdftexcmds Info: \pdfdraftmode found.
) (C:\Users\jessi\AppData\Local\Programs\MiKTeX\tex/latex/etoolbox\etoolbox.sty
Package: etoolbox 2020/10/05 v2.5k e-TeX tools for LaTeX (JAW)
\etb@tempcnta=\count272
) (C:\Users\jessi\AppData\Local\Programs\MiKTeX\tex/latex/kvoptions\kvoptions.sty
Package: kvoptions 2022-06-15 v3.15 Key value format for package options (HO)
 (C:\Users\jessi\AppData\Local\Programs\MiKTeX\tex/latex/kvsetkeys\kvsetkeys.sty
Package: kvsetkeys 2022-10-05 v1.19 Key value parser (HO)
)) (C:\Users\jessi\AppData\Local\Programs\MiKTeX\tex/latex/logreq\logreq.sty
Package: logreq 2010/08/04 v1.0 xml request logger
\lrq@indent=\count273
 (C:\Users\jessi\AppData\Local\Programs\MiKTeX\tex/latex/logreq\logreq.def
File: logreq.def 2010/08/04 v1.0 logreq spec v1.0
)) (C:\Users\jessi\AppData\Local\Programs\MiKTeX\tex/latex/base\ifthen.sty
Package: ifthen 2024/03/16 v1.1e Standard LaTeX ifthen package (DPC)
) (C:\Users\jessi\AppData\Local\Programs\MiKTeX\tex/latex/url\url.sty
\Urlmuskip=\muskip17
Package: url 2013/09/16  ver 3.4  Verb mode for urls, etc.
)
\c@tabx@nest=\count274
\c@listtotal=\count275
\c@listcount=\count276
\c@liststart=\count277
\c@liststop=\count278
\c@citecount=\count279
\c@citetotal=\count280
\c@multicitecount=\count281
\c@multicitetotal=\count282
\c@instcount=\count283
\c@maxnames=\count284
\c@minnames=\count285
\c@maxitems=\count286
\c@minitems=\count287
\c@citecounter=\count288
\c@maxcitecounter=\count289
\c@savedcitecounter=\count290
\c@uniquelist=\count291
\c@uniquename=\count292
\c@refsection=\count293
\c@refsegment=\count294
\c@maxextratitle=\count295
\c@maxextratitleyear=\count296
\c@maxextraname=\count297
\c@maxextradate=\count298
\c@maxextraalpha=\count299
\c@abbrvpenalty=\count300
\c@highnamepenalty=\count301
\c@lownamepenalty=\count302
\c@maxparens=\count303
\c@parenlevel=\count304
\blx@tempcnta=\count305
\blx@tempcntb=\count306
\blx@tempcntc=\count307
\c@blx@maxsection=\count308
\blx@maxsegment@0=\count309
\blx@notetype=\count310
\blx@parenlevel@text=\count311
\blx@parenlevel@foot=\count312
\blx@sectionciteorder@0=\count313
\blx@sectionciteorderinternal@0=\count314
\blx@entrysetcounter=\count315
\blx@biblioinstance=\count316
\labelnumberwidth=\skip76
\labelalphawidth=\skip77
\biblabelsep=\skip78
\bibitemsep=\skip79
\bibnamesep=\skip80
\bibinitsep=\skip81
\bibparsep=\skip82
\bibhang=\skip83
\blx@bcfin=\read2
\blx@bcfout=\write3
\blx@langwohyphens=\language79
\c@mincomprange=\count317
\c@maxcomprange=\count318
\c@mincompwidth=\count319
Package biblatex Info: Trying to load biblatex default data model...
Package biblatex Info: ... file 'blx-dm.def' found.
 (C:\Users\jessi\AppData\Local\Programs\MiKTeX\tex/latex/biblatex\blx-dm.def
File: blx-dm.def 2024/03/21 v3.20 biblatex datamodel (PK/MW)
)
Package biblatex Info: Trying to load biblatex custom data model...
Package biblatex Info: ... file 'biblatex-dm.cfg' not found.
\c@afterword=\count320
\c@savedafterword=\count321
\c@annotator=\count322
\c@savedannotator=\count323
\c@author=\count324
\c@savedauthor=\count325
\c@bookauthor=\count326
\c@savedbookauthor=\count327
\c@commentator=\count328
\c@savedcommentator=\count329
\c@editor=\count330
\c@savededitor=\count331
\c@editora=\count332
\c@savededitora=\count333
\c@editorb=\count334
\c@savededitorb=\count335
\c@editorc=\count336
\c@savededitorc=\count337
\c@foreword=\count338
\c@savedforeword=\count339
\c@holder=\count340
\c@savedholder=\count341
\c@introduction=\count342
\c@savedintroduction=\count343
\c@namea=\count344
\c@savednamea=\count345
\c@nameb=\count346
\c@savednameb=\count347
\c@namec=\count348
\c@savednamec=\count349
\c@translator=\count350
\c@savedtranslator=\count351
\c@shortauthor=\count352
\c@savedshortauthor=\count353
\c@shorteditor=\count354
\c@savedshorteditor=\count355
\c@labelname=\count356
\c@savedlabelname=\count357
\c@institution=\count358
\c@savedinstitution=\count359
\c@lista=\count360
\c@savedlista=\count361
\c@listb=\count362
\c@savedlistb=\count363
\c@listc=\count364
\c@savedlistc=\count365
\c@listd=\count366
\c@savedlistd=\count367
\c@liste=\count368
\c@savedliste=\count369
\c@listf=\count370
\c@savedlistf=\count371
\c@location=\count372
\c@savedlocation=\count373
\c@organization=\count374
\c@savedorganization=\count375
\c@origlocation=\count376
\c@savedoriglocation=\count377
\c@origpublisher=\count378
\c@savedorigpublisher=\count379
\c@publisher=\count380
\c@savedpublisher=\count381
\c@language=\count382
\c@savedlanguage=\count383
\c@origlanguage=\count384
\c@savedoriglanguage=\count385
\c@pageref=\count386
\c@savedpageref=\count387
\shorthandwidth=\skip84
\shortjournalwidth=\skip85
\shortserieswidth=\skip86
\shorttitlewidth=\skip87
\shortauthorwidth=\skip88
\shorteditorwidth=\skip89
\locallabelnumberwidth=\skip90
\locallabelalphawidth=\skip91
\localshorthandwidth=\skip92
\localshortjournalwidth=\skip93
\localshortserieswidth=\skip94
\localshorttitlewidth=\skip95
\localshortauthorwidth=\skip96
\localshorteditorwidth=\skip97
Package biblatex Info: Trying to load compatibility code...
Package biblatex Info: ... file 'blx-compat.def' found.
 (C:\Users\jessi\AppData\Local\Programs\MiKTeX\tex/latex/biblatex\blx-compat.def
File: blx-compat.def 2024/03/21 v3.20 biblatex compatibility (PK/MW)
)
Package biblatex Info: Trying to load generic definitions...
Package biblatex Info: ... file 'biblatex.def' found.
 (C:\Users\jessi\AppData\Local\Programs\MiKTeX\tex/latex/biblatex\biblatex.def
File: biblatex.def 2024/03/21 v3.20 biblatex compatibility (PK/MW)
\c@textcitecount=\count388
\c@textcitetotal=\count389
\c@textcitemaxnames=\count390
\c@biburlbigbreakpenalty=\count391
\c@biburlbreakpenalty=\count392
\c@biburlnumpenalty=\count393
\c@biburlucpenalty=\count394
\c@biburllcpenalty=\count395
\biburlbigskip=\muskip18
\biburlnumskip=\muskip19
\biburlucskip=\muskip20
\biburllcskip=\muskip21
\c@smartand=\count396
)
Package biblatex Info: Trying to load bibliography style 'numeric'...
Package biblatex Info: ... file 'numeric.bbx' found.
 (C:\Users\jessi\AppData\Local\Programs\MiKTeX\tex/latex/biblatex/bbx\numeric.bbx
File: numeric.bbx 2024/03/21 v3.20 biblatex bibliography style (PK/MW)
Package biblatex Info: Trying to load bibliography style 'standard'...
Package biblatex Info: ... file 'standard.bbx' found.
 (C:\Users\jessi\AppData\Local\Programs\MiKTeX\tex/latex/biblatex/bbx\standard.bbx
File: standard.bbx 2024/03/21 v3.20 biblatex bibliography style (PK/MW)
\c@bbx:relatedcount=\count397
\c@bbx:relatedtotal=\count398
))
Package biblatex Info: Trying to load citation style 'numeric'...
Package biblatex Info: ... file 'numeric.cbx' found.
 (C:\Users\jessi\AppData\Local\Programs\MiKTeX\tex/latex/biblatex/cbx\numeric.cbx
File: numeric.cbx 2024/03/21 v3.20 biblatex citation style (PK/MW)
Package biblatex Info: Redefining '\cite'.
Package biblatex Info: Redefining '\parencite'.
Package biblatex Info: Redefining '\footcite'.
Package biblatex Info: Redefining '\footcitetext'.
Package biblatex Info: Redefining '\smartcite'.
Package biblatex Info: Redefining '\supercite'.
Package biblatex Info: Redefining '\textcite'.
Package biblatex Info: Redefining '\textcites'.
Package biblatex Info: Redefining '\cites'.
Package biblatex Info: Redefining '\parencites'.
Package biblatex Info: Redefining '\smartcites'.
)
Package biblatex Info: Trying to load configuration file...
Package biblatex Info: ... file 'biblatex.cfg' found.
 (C:\Users\jessi\AppData\Local\Programs\MiKTeX\tex/latex/biblatex\biblatex.cfg
File: biblatex.cfg 
)
Package biblatex Info: Input encoding 'utf8' detected.
Package biblatex Info: Document encoding is UTF8 ....
 (C:\Users\jessi\AppData\Local\Programs\MiKTeX\tex/latex/l3kernel\expl3.sty
Package: expl3 2024-05-27 L3 programming layer (loader) 
 (C:\Users\jessi\AppData\Local\Programs\MiKTeX\tex/latex/l3backend\l3backend-pdftex.def
File: l3backend-pdftex.def 2024-05-08 L3 backend support: PDF output (pdfTeX)
\l__color_backend_stack_int=\count399
\l__pdf_internal_box=\box54
))
Package biblatex Info: ... and expl3
(biblatex)             2024-05-27 L3 programming layer (loader) 
(biblatex)             is new enough (at least 2020/04/06),
(biblatex)             setting 'casechanger=expl3'.
 (C:\Users\jessi\AppData\Local\Programs\MiKTeX\tex/latex/biblatex\blx-case-expl3.sty (C:\Users\jessi\AppData\Local\Programs\MiKTeX\tex/latex/l3packages/xparse\xparse.sty
Package: xparse 2024-05-08 L3 Experimental document command parser
)
Package: blx-case-expl3 2024/03/21 v3.20 expl3 case changing code for biblatex
)) (C:\Users\jessi\AppData\Local\Programs\MiKTeX\tex/latex/tools\tabularx.sty
Package: tabularx 2023/12/11 v2.12a `tabularx' package (DPC)
\TX@col@width=\dimen154
\TX@old@table=\dimen155
\TX@old@col=\dimen156
\TX@target=\dimen157
\TX@delta=\dimen158
\TX@cols=\count400
\TX@ftn=\toks23
)

Package geometry Warning: Over-specification in `h'-direction.
    `width' (597.50787pt) is ignored.


Package geometry Warning: Over-specification in `v'-direction.
    `height' (845.04684pt) is ignored.

\@quotelevel=\count401
\@quotereset=\count402
(Report.aux)
\openout1 = `Report.aux'.

LaTeX Font Info:    Checking defaults for OML/cmm/m/it on input line 26.
LaTeX Font Info:    ... okay on input line 26.
LaTeX Font Info:    Checking defaults for OMS/cmsy/m/n on input line 26.
LaTeX Font Info:    ... okay on input line 26.
LaTeX Font Info:    Checking defaults for OT1/cmr/m/n on input line 26.
LaTeX Font Info:    ... okay on input line 26.
LaTeX Font Info:    Checking defaults for T1/cmr/m/n on input line 26.
LaTeX Font Info:    ... okay on input line 26.
LaTeX Font Info:    Checking defaults for TS1/cmr/m/n on input line 26.
LaTeX Font Info:    ... okay on input line 26.
LaTeX Font Info:    Checking defaults for OMX/cmex/m/n on input line 26.
LaTeX Font Info:    ... okay on input line 26.
LaTeX Font Info:    Checking defaults for U/cmr/m/n on input line 26.
LaTeX Font Info:    ... okay on input line 26.
 (C:\Users\jessi\AppData\Local\Programs\MiKTeX\tex/context/base/mkii\supp-pdf.mkii
[Loading MPS to PDF converter (version 2006.09.02).]
\scratchcounter=\count403
\scratchdimen=\dimen159
\scratchbox=\box55
\nofMPsegments=\count404
\nofMParguments=\count405
\everyMPshowfont=\toks24
\MPscratchCnt=\count406
\MPscratchDim=\dimen160
\MPnumerator=\count407
\makeMPintoPDFobject=\count408
\everyMPtoPDFconversion=\toks25
) (C:\Users\jessi\AppData\Local\Programs\MiKTeX\tex/latex/epstopdf-pkg\epstopdf-base.sty
Package: epstopdf-base 2020-01-24 v2.11 Base part for package epstopdf
Package epstopdf-base Info: Redefining graphics rule for `.eps' on input line 485.
 (C:\Users\jessi\AppData\Local\Programs\MiKTeX\tex/latex/00miktex\epstopdf-sys.cfg
File: epstopdf-sys.cfg 2021/03/18 v2.0 Configuration of epstopdf for MiKTeX
))
*geometry* driver: auto-detecting
*geometry* detected driver: pdftex
*geometry* verbose mode - [ preamble ] result:
* driver: pdftex
* paper: a4paper
* layout: <same size as paper>
* layoutoffset:(h,v)=(0.0pt,0.0pt)
* modes: 
* h-part:(L,W,R)=(83.11005pt, 452.9679pt, 61.42993pt)
* v-part:(T,H,B)=(72.26999pt, 700.50687pt, 72.26999pt)
* \paperwidth=597.50787pt
* \paperheight=845.04684pt
* \textwidth=452.9679pt
* \textheight=700.50687pt
* \oddsidemargin=10.84006pt
* \evensidemargin=10.84006pt
* \topmargin=-37.0pt
* \headheight=12.0pt
* \headsep=25.0pt
* \topskip=12.0pt
* \footskip=30.0pt
* \marginparwidth=35.0pt
* \marginparsep=10.0pt
* \columnsep=10.0pt
* \skip\footins=10.8pt plus 4.0pt minus 2.0pt
* \hoffset=0.0pt
* \voffset=0.0pt
* \mag=1000
* \@twocolumnfalse
* \@twosidefalse
* \@mparswitchfalse
* \@reversemarginfalse
* (1in=72.27pt=25.4mm, 1cm=28.453pt)

Package biblatex Info: Trying to load language 'english'...
Package biblatex Info: ... file 'english.lbx' found.
(C:\Users\jessi\AppData\Local\Programs\MiKTeX\tex/latex/biblatex/lbx\english.lbx
File: english.lbx 2024/03/21 v3.20 biblatex localization (PK/MW)
)
Package biblatex Info: Input encoding 'utf8' detected.
Package biblatex Info: Automatic encoding selection.
(biblatex)             Assuming data encoding 'utf8'.
\openout3 = `Report.bcf'.

Package biblatex Info: Trying to load bibliographic data...
Package biblatex Info: ... file 'Report.bbl' found.
 (Report.bbl)
Package biblatex Info: Reference section=0 on input line 26.
Package biblatex Info: Reference segment=0 on input line 26.
<./pic/vtu.png, id=1, 189.70876pt x 266.9975pt>
File: ./pic/vtu.png Graphic file (type png)
<use ./pic/vtu.png>
Package pdftex.def Info: ./pic/vtu.png  used on input line 35.
(pdftex.def)             Requested size: 65.4409pt x 85.35945pt.
LaTeX Font Info:    Trying to load font information for U+msa on input line 60.
 (C:\Users\jessi\AppData\Local\Programs\MiKTeX\tex/latex/amsfonts\umsa.fd
File: umsa.fd 2013/01/14 v3.01 AMS symbols A
)
LaTeX Font Info:    Trying to load font information for U+msb on input line 60.
 (C:\Users\jessi\AppData\Local\Programs\MiKTeX\tex/latex/amsfonts\umsb.fd
File: umsb.fd 2013/01/14 v3.01 AMS symbols B
)
<./pic/sjeclogo.png, id=2, 158.09062pt x 145.29282pt>
File: ./pic/sjeclogo.png Graphic file (type png)
<use ./pic/sjeclogo.png>
Package pdftex.def Info: ./pic/sjeclogo.png  used on input line 79.
(pdftex.def)             Requested size: 94.85509pt x 87.17635pt.


[1

{C:/Users/jessi/AppData/Local/MiKTeX/fonts/map/pdftex/pdftex.map} <./pic/vtu.png> <./pic/sjeclogo.png>]
File: ./pic/sjeclogo.png Graphic file (type png)
<use ./pic/sjeclogo.png>
Package pdftex.def Info: ./pic/sjeclogo.png  used on input line 108.
(pdftex.def)             Requested size: 79.0451pt x 72.64622pt.


[1]

[2

] (Report.toc

[3

])
\tf@toc=\write4
\openout4 = `Report.toc'.



[4] (Report.lof)
\tf@lof=\write5
\openout5 = `Report.lof'.



[5

] (Report.lot)
\tf@lot=\write6
\openout6 = `Report.lot'.



[6

]
Chapter 1.


[1

]

[2]
Chapter 2.


[3

]

[4]

[5]

[6]
Chapter 3.
File: ./pic/sjeclogo.png Graphic file (type png)
<use ./pic/sjeclogo.png>
Package pdftex.def Info: ./pic/sjeclogo.png  used on input line 379.
(pdftex.def)             Requested size: 289.1293pt x 216.82574pt.
File: ./pic/sjeclogo.png Graphic file (type png)
<use ./pic/sjeclogo.png>
Package pdftex.def Info: ./pic/sjeclogo.png  used on input line 386.
(pdftex.def)             Requested size: 361.41283pt x 216.82574pt.


[7

]
<./pic/sample.jpg, id=55, 700.6175pt x 401.5pt>
File: ./pic/sample.jpg Graphic file (type jpg)
<use ./pic/sample.jpg>
Package pdftex.def Info: ./pic/sample.jpg  used on input line 398.
(pdftex.def)             Requested size: 560.49475pt x 321.20042pt.

Overfull \hbox (107.52686pt too wide) in paragraph at lines 398--399
 [][] 
 []



[8]

[9 <./pic/sample.jpg>]
Chapter 4.
File: ./pic/sjeclogo.png Graphic file (type png)
<use ./pic/sjeclogo.png>
Package pdftex.def Info: ./pic/sjeclogo.png  used on input line 413.
(pdftex.def)             Requested size: 361.41283pt x 216.82574pt.


[10

]
File: ./pic/sjeclogo.png Graphic file (type png)
<use ./pic/sjeclogo.png>
Package pdftex.def Info: ./pic/sjeclogo.png  used on input line 426.
(pdftex.def)             Requested size: 361.41283pt x 216.82574pt.
File: ./pic/sample.jpg Graphic file (type jpg)
<use ./pic/sample.jpg>
Package pdftex.def Info: ./pic/sample.jpg  used on input line 443.
(pdftex.def)             Requested size: 361.35123pt x 216.81288pt.


[11]
File: ./pic/sample.jpg Graphic file (type jpg)
<use ./pic/sample.jpg>
Package pdftex.def Info: ./pic/sample.jpg  used on input line 452.
(pdftex.def)             Requested size: 361.35123pt x 216.81288pt.
File: ./pic/sample.jpg Graphic file (type jpg)
<use ./pic/sample.jpg>
Package pdftex.def Info: ./pic/sample.jpg  used on input line 462.
(pdftex.def)             Requested size: 361.35123pt x 216.81288pt.


[12]

[13]
Chapter 5.
File: ./pic/sample.jpg Graphic file (type jpg)
<use ./pic/sample.jpg>
Package pdftex.def Info: ./pic/sample.jpg  used on input line 477.
(pdftex.def)             Requested size: 361.35123pt x 216.81288pt.
File: ./pic/sample.jpg Graphic file (type jpg)
<use ./pic/sample.jpg>
Package pdftex.def Info: ./pic/sample.jpg  used on input line 485.
(pdftex.def)             Requested size: 361.35123pt x 216.81288pt.
File: ./pic/sample.jpg Graphic file (type jpg)
<use ./pic/sample.jpg>
Package pdftex.def Info: ./pic/sample.jpg  used on input line 491.
(pdftex.def)             Requested size: 361.35123pt x 216.81288pt.
File: ./pic/sample.jpg Graphic file (type jpg)
<use ./pic/sample.jpg>
Package pdftex.def Info: ./pic/sample.jpg  used on input line 497.
(pdftex.def)             Requested size: 361.35123pt x 216.81288pt.
File: ./pic/sample.jpg Graphic file (type jpg)
<use ./pic/sample.jpg>
Package pdftex.def Info: ./pic/sample.jpg  used on input line 503.
(pdftex.def)             Requested size: 361.35123pt x 216.81288pt.
File: ./pic/sample.jpg Graphic file (type jpg)
<use ./pic/sample.jpg>
Package pdftex.def Info: ./pic/sample.jpg  used on input line 509.
(pdftex.def)             Requested size: 361.35123pt x 216.81288pt.
File: ./pic/sample.jpg Graphic file (type jpg)
<use ./pic/sample.jpg>
Package pdftex.def Info: ./pic/sample.jpg  used on input line 515.
(pdftex.def)             Requested size: 361.35123pt x 216.81288pt.


[14

]

[15]

[16]

[17]

[18]
Chapter 6.


[19

]

[20

] (Report.aux)
 ***********
LaTeX2e <2024-06-01> patch level 2
L3 programming layer <2024-05-27>
 ***********
Package logreq Info: Writing requests to 'Report.run.xml'.
\openout1 = `Report.run.xml'.

 ) 
Here is how much of TeX's memory you used:
 10716 strings out of 473904
 205286 string characters out of 5726600
 1935908 words of memory out of 5000000
 33465 multiletter control sequences out of 15000+600000
 569964 words of font info for 80 fonts, out of 8000000 for 9000
 1141 hyphenation exceptions out of 8191
 66i,12n,81p,1229b,1279s stack positions out of 10000i,1000n,20000p,200000b,200000s
 <C:\Users\jessi\AppData\Local\MiKTeX\fonts/pk/ljfour/jknappen/ec/dpi600\tcrm1200.pk><C:/Users/jessi/AppData/Local/Programs/MiKTeX/fonts/type1/public/amsfonts/cm/cmbx12.pfb><C:/Users/jessi/AppData/Local/Programs/MiKTeX/fonts/type1/public/amsfonts/cm/cmbxti10.pfb><C:/Users/jessi/AppData/Local/Programs/MiKTeX/fonts/type1/public/amsfonts/cm/cmcsc10.pfb><C:/Users/jessi/AppData/Local/Programs/MiKTeX/fonts/type1/public/amsfonts/cm/cmr10.pfb><C:/Users/jessi/AppData/Local/Programs/MiKTeX/fonts/type1/public/amsfonts/cm/cmr12.pfb><C:/Users/jessi/AppData/Local/Programs/MiKTeX/fonts/type1/public/amsfonts/cm/cmti12.pfb><C:/Users/jessi/AppData/Local/Programs/MiKTeX/fonts/type1/public/amsfonts/cm/cmtt12.pfb>
Output written on Report.pdf (27 pages, 278589 bytes).
PDF statistics:
 134 PDF objects out of 1000 (max. 8388607)
 0 named destinations out of 1000 (max. 500000)
 16 words of extra memory for PDF output out of 10000 (max. 10000000)

